<?xml version="1.0" encoding="UTF-8"?>
<testng-results ignored="0" total="15" passed="13" failed="2" skipped="0">
  <reporter-output>
  </reporter-output>
  <suite started-at="2022-08-16T19:43:50 EDT" name="AmazonProject" finished-at="2022-08-16T19:48:46 EDT" duration-ms="296502">
    <groups>
    </groups>
    <test started-at="2022-08-16T19:43:50 EDT" name="TestNG" finished-at="2022-08-16T19:48:46 EDT" duration-ms="296502">
      <class name="testLayer.RegistrationTestCase">
        <test-method is-config="true" signature="initsetup()[pri:0, instance:testLayer.RegistrationTestCase@729d991e]" started-at="2022-08-16T19:43:50 EDT" name="initsetup" finished-at="2022-08-16T19:43:54 EDT" duration-ms="4555" status="PASS">
          <reporter-output>
          </reporter-output>
        </test-method> <!-- initsetup -->
        <test-method signature="account()[pri:0, instance:testLayer.RegistrationTestCase@729d991e]" started-at="2022-08-16T19:43:54 EDT" name="account" finished-at="2022-08-16T19:44:10 EDT" duration-ms="15545" status="PASS">
          <reporter-output>
          </reporter-output>
        </test-method> <!-- account -->
        <test-method is-config="true" signature="close()[pri:0, instance:testLayer.RegistrationTestCase@729d991e]" started-at="2022-08-16T19:44:10 EDT" name="close" finished-at="2022-08-16T19:44:12 EDT" duration-ms="2428" status="PASS">
          <reporter-output>
          </reporter-output>
        </test-method> <!-- close -->
        <test-method is-config="true" signature="initsetup()[pri:0, instance:testLayer.RegistrationTestCase@729d991e]" started-at="2022-08-16T19:44:12 EDT" name="initsetup" finished-at="2022-08-16T19:44:15 EDT" duration-ms="3043" status="PASS">
          <reporter-output>
          </reporter-output>
        </test-method> <!-- initsetup -->
        <test-method signature="address()[pri:0, instance:testLayer.RegistrationTestCase@729d991e]" started-at="2022-08-16T19:44:15 EDT" name="address" finished-at="2022-08-16T19:44:31 EDT" duration-ms="16078" status="PASS">
          <reporter-output>
          </reporter-output>
        </test-method> <!-- address -->
        <test-method is-config="true" signature="close()[pri:0, instance:testLayer.RegistrationTestCase@729d991e]" started-at="2022-08-16T19:44:31 EDT" name="close" finished-at="2022-08-16T19:44:34 EDT" duration-ms="2413" status="PASS">
          <reporter-output>
          </reporter-output>
        </test-method> <!-- close -->
        <test-method is-config="true" signature="initsetup()[pri:0, instance:testLayer.RegistrationTestCase@729d991e]" started-at="2022-08-16T19:44:34 EDT" name="initsetup" finished-at="2022-08-16T19:44:37 EDT" duration-ms="2831" status="PASS">
          <reporter-output>
          </reporter-output>
        </test-method> <!-- initsetup -->
        <test-method signature="buyagain()[pri:0, instance:testLayer.RegistrationTestCase@729d991e]" started-at="2022-08-16T19:44:37 EDT" name="buyagain" finished-at="2022-08-16T19:44:41 EDT" duration-ms="4750" status="FAIL">
          <exception class="org.openqa.selenium.ElementNotInteractableException">
            <message>
              <![CDATA[element not interactable: [object HTMLSpanElement] has no size and location
  (Session info: chrome=104.0.5112.81)
Build info: version: '4.3.0', revision: 'a4995e2c09*'
System info: host: 'DESKTOP-S08JHD2', ip: '10.0.0.2', os.name: 'Windows 10', os.arch: 'amd64', os.version: '10.0', java.version: '16.0.2'
Driver info: org.openqa.selenium.chrome.ChromeDriver
Command: [864e346b931b78648a19b41ef134f99b, actions {actions=[org.openqa.selenium.interactions.Sequence@4fdbc8]}]
Capabilities {acceptInsecureCerts: false, browserName: chrome, browserVersion: 104.0.5112.81, chrome: {chromedriverVersion: 104.0.5112.79 (3cf3e8c8a07d..., userDataDir: C:\Users\Nirmohan\AppData\L...}, goog:chromeOptions: {debuggerAddress: localhost:53399}, networkConnectionEnabled: false, pageLoadStrategy: normal, platformName: WINDOWS, proxy: Proxy(), se:cdp: ws://localhost:53399/devtoo..., se:cdpVersion: 104.0.5112.81, setWindowRect: true, strictFileInteractability: false, timeouts: {implicit: 0, pageLoad: 300000, script: 30000}, unhandledPromptBehavior: dismiss and notify, webauthn:extension:credBlob: true, webauthn:extension:largeBlob: true, webauthn:virtualAuthenticators: true}
Session ID: 864e346b931b78648a19b41ef134f99b]]>
            </message>
            <full-stacktrace>
              <![CDATA[org.openqa.selenium.ElementNotInteractableException: element not interactable: [object HTMLSpanElement] has no size and location
  (Session info: chrome=104.0.5112.81)
Build info: version: '4.3.0', revision: 'a4995e2c09*'
System info: host: 'DESKTOP-S08JHD2', ip: '10.0.0.2', os.name: 'Windows 10', os.arch: 'amd64', os.version: '10.0', java.version: '16.0.2'
Driver info: org.openqa.selenium.chrome.ChromeDriver
Command: [864e346b931b78648a19b41ef134f99b, actions {actions=[org.openqa.selenium.interactions.Sequence@4fdbc8]}]
Capabilities {acceptInsecureCerts: false, browserName: chrome, browserVersion: 104.0.5112.81, chrome: {chromedriverVersion: 104.0.5112.79 (3cf3e8c8a07d..., userDataDir: C:\Users\Nirmohan\AppData\L...}, goog:chromeOptions: {debuggerAddress: localhost:53399}, networkConnectionEnabled: false, pageLoadStrategy: normal, platformName: WINDOWS, proxy: Proxy(), se:cdp: ws://localhost:53399/devtoo..., se:cdpVersion: 104.0.5112.81, setWindowRect: true, strictFileInteractability: false, timeouts: {implicit: 0, pageLoad: 300000, script: 30000}, unhandledPromptBehavior: dismiss and notify, webauthn:extension:credBlob: true, webauthn:extension:largeBlob: true, webauthn:virtualAuthenticators: true}
Session ID: 864e346b931b78648a19b41ef134f99b
at java.base/jdk.internal.reflect.NativeConstructorAccessorImpl.newInstance0(Native Method)
at java.base/jdk.internal.reflect.NativeConstructorAccessorImpl.newInstance(NativeConstructorAccessorImpl.java:78)
at java.base/jdk.internal.reflect.DelegatingConstructorAccessorImpl.newInstance(DelegatingConstructorAccessorImpl.java:45)
at java.base/java.lang.reflect.Constructor.newInstanceWithCaller(Constructor.java:499)
at java.base/java.lang.reflect.Constructor.newInstance(Constructor.java:480)
at org.openqa.selenium.remote.codec.w3c.W3CHttpResponseCodec.createException(W3CHttpResponseCodec.java:200)
at org.openqa.selenium.remote.codec.w3c.W3CHttpResponseCodec.decode(W3CHttpResponseCodec.java:133)
at org.openqa.selenium.remote.codec.w3c.W3CHttpResponseCodec.decode(W3CHttpResponseCodec.java:53)
at org.openqa.selenium.remote.HttpCommandExecutor.execute(HttpCommandExecutor.java:184)
at org.openqa.selenium.remote.service.DriverCommandExecutor.invokeExecute(DriverCommandExecutor.java:167)
at org.openqa.selenium.remote.service.DriverCommandExecutor.execute(DriverCommandExecutor.java:142)
at org.openqa.selenium.remote.RemoteWebDriver.execute(RemoteWebDriver.java:569)
at org.openqa.selenium.remote.RemoteWebDriver.perform(RemoteWebDriver.java:637)
at org.openqa.selenium.interactions.Actions$BuiltAction.perform(Actions.java:567)
at pompackage.POMregistration.acc(POMregistration.java:124)
at testLayer.RegistrationTestCase.buyagain(RegistrationTestCase.java:229)
at java.base/jdk.internal.reflect.NativeMethodAccessorImpl.invoke0(Native Method)
at java.base/jdk.internal.reflect.NativeMethodAccessorImpl.invoke(NativeMethodAccessorImpl.java:78)
at java.base/jdk.internal.reflect.DelegatingMethodAccessorImpl.invoke(DelegatingMethodAccessorImpl.java:43)
at java.base/java.lang.reflect.Method.invoke(Method.java:567)
at org.testng.internal.MethodInvocationHelper.invokeMethod(MethodInvocationHelper.java:133)
at org.testng.internal.TestInvoker.invokeMethod(TestInvoker.java:598)
at org.testng.internal.TestInvoker.invokeTestMethod(TestInvoker.java:173)
at org.testng.internal.MethodRunner.runInSequence(MethodRunner.java:46)
at org.testng.internal.TestInvoker$MethodInvocationAgent.invoke(TestInvoker.java:824)
at org.testng.internal.TestInvoker.invokeTestMethods(TestInvoker.java:146)
at org.testng.internal.TestMethodWorker.invokeTestMethods(TestMethodWorker.java:146)
at org.testng.internal.TestMethodWorker.run(TestMethodWorker.java:128)
at java.base/java.util.ArrayList.forEach(ArrayList.java:1511)
at org.testng.TestRunner.privateRun(TestRunner.java:794)
at org.testng.TestRunner.run(TestRunner.java:596)
at org.testng.SuiteRunner.runTest(SuiteRunner.java:377)
at org.testng.SuiteRunner.access$000(SuiteRunner.java:28)
at org.testng.SuiteRunner$SuiteWorker.run(SuiteRunner.java:418)
at org.testng.internal.thread.ThreadUtil.lambda$execute$0(ThreadUtil.java:64)
at java.base/java.util.concurrent.FutureTask.run(FutureTask.java:264)
at java.base/java.util.concurrent.ThreadPoolExecutor.runWorker(ThreadPoolExecutor.java:1130)
at java.base/java.util.concurrent.ThreadPoolExecutor$Worker.run(ThreadPoolExecutor.java:630)
at java.base/java.lang.Thread.run(Thread.java:831)
]]>
            </full-stacktrace>
          </exception> <!-- org.openqa.selenium.ElementNotInteractableException -->
          <reporter-output>
          </reporter-output>
        </test-method> <!-- buyagain -->
        <test-method is-config="true" signature="close()[pri:0, instance:testLayer.RegistrationTestCase@729d991e]" started-at="2022-08-16T19:44:41 EDT" name="close" finished-at="2022-08-16T19:44:44 EDT" duration-ms="2454" status="PASS">
          <reporter-output>
          </reporter-output>
        </test-method> <!-- close -->
        <test-method is-config="true" signature="initsetup()[pri:0, instance:testLayer.RegistrationTestCase@729d991e]" started-at="2022-08-16T19:44:44 EDT" name="initsetup" finished-at="2022-08-16T19:44:47 EDT" duration-ms="3015" status="PASS">
          <reporter-output>
          </reporter-output>
        </test-method> <!-- initsetup -->
        <test-method signature="checkbox()[pri:0, instance:testLayer.RegistrationTestCase@729d991e]" started-at="2022-08-16T19:44:47 EDT" name="checkbox" finished-at="2022-08-16T19:44:59 EDT" duration-ms="12190" status="PASS">
          <reporter-output>
          </reporter-output>
        </test-method> <!-- checkbox -->
        <test-method is-config="true" signature="close()[pri:0, instance:testLayer.RegistrationTestCase@729d991e]" started-at="2022-08-16T19:44:59 EDT" name="close" finished-at="2022-08-16T19:45:01 EDT" duration-ms="2426" status="PASS">
          <reporter-output>
          </reporter-output>
        </test-method> <!-- close -->
        <test-method is-config="true" signature="initsetup()[pri:0, instance:testLayer.RegistrationTestCase@729d991e]" started-at="2022-08-16T19:45:01 EDT" name="initsetup" finished-at="2022-08-16T19:45:04 EDT" duration-ms="2754" status="PASS">
          <reporter-output>
          </reporter-output>
        </test-method> <!-- initsetup -->
        <test-method signature="existingacc()[pri:0, instance:testLayer.RegistrationTestCase@729d991e]" started-at="2022-08-16T19:45:04 EDT" name="existingacc" finished-at="2022-08-16T19:45:17 EDT" duration-ms="12548" status="PASS">
          <reporter-output>
          </reporter-output>
        </test-method> <!-- existingacc -->
        <test-method is-config="true" signature="close()[pri:0, instance:testLayer.RegistrationTestCase@729d991e]" started-at="2022-08-16T19:45:17 EDT" name="close" finished-at="2022-08-16T19:45:19 EDT" duration-ms="2442" status="PASS">
          <reporter-output>
          </reporter-output>
        </test-method> <!-- close -->
        <test-method is-config="true" signature="initsetup()[pri:0, instance:testLayer.RegistrationTestCase@729d991e]" started-at="2022-08-16T19:45:19 EDT" name="initsetup" finished-at="2022-08-16T19:45:22 EDT" duration-ms="3098" status="PASS">
          <reporter-output>
          </reporter-output>
        </test-method> <!-- initsetup -->
        <test-method signature="invalidname()[pri:0, instance:testLayer.RegistrationTestCase@729d991e]" started-at="2022-08-16T19:45:22 EDT" name="invalidname" finished-at="2022-08-16T19:45:43 EDT" duration-ms="21146" status="PASS">
          <reporter-output>
          </reporter-output>
        </test-method> <!-- invalidname -->
        <test-method is-config="true" signature="close()[pri:0, instance:testLayer.RegistrationTestCase@729d991e]" started-at="2022-08-16T19:45:43 EDT" name="close" finished-at="2022-08-16T19:45:46 EDT" duration-ms="2411" status="PASS">
          <reporter-output>
          </reporter-output>
        </test-method> <!-- close -->
        <test-method is-config="true" signature="initsetup()[pri:0, instance:testLayer.RegistrationTestCase@729d991e]" started-at="2022-08-16T19:45:46 EDT" name="initsetup" finished-at="2022-08-16T19:45:49 EDT" duration-ms="2782" status="PASS">
          <reporter-output>
          </reporter-output>
        </test-method> <!-- initsetup -->
        <test-method signature="invalidnumber()[pri:0, instance:testLayer.RegistrationTestCase@729d991e]" started-at="2022-08-16T19:45:49 EDT" name="invalidnumber" finished-at="2022-08-16T19:46:00 EDT" duration-ms="11177" status="PASS">
          <reporter-output>
          </reporter-output>
        </test-method> <!-- invalidnumber -->
        <test-method is-config="true" signature="close()[pri:0, instance:testLayer.RegistrationTestCase@729d991e]" started-at="2022-08-16T19:46:00 EDT" name="close" finished-at="2022-08-16T19:46:02 EDT" duration-ms="2414" status="PASS">
          <reporter-output>
          </reporter-output>
        </test-method> <!-- close -->
        <test-method is-config="true" signature="initsetup()[pri:0, instance:testLayer.RegistrationTestCase@729d991e]" started-at="2022-08-16T19:46:02 EDT" name="initsetup" finished-at="2022-08-16T19:46:05 EDT" duration-ms="3103" status="PASS">
          <reporter-output>
          </reporter-output>
        </test-method> <!-- initsetup -->
        <test-method signature="invalidpassword()[pri:0, instance:testLayer.RegistrationTestCase@729d991e]" started-at="2022-08-16T19:46:05 EDT" name="invalidpassword" finished-at="2022-08-16T19:46:17 EDT" duration-ms="11400" status="PASS">
          <reporter-output>
          </reporter-output>
        </test-method> <!-- invalidpassword -->
        <test-method is-config="true" signature="close()[pri:0, instance:testLayer.RegistrationTestCase@729d991e]" started-at="2022-08-16T19:46:17 EDT" name="close" finished-at="2022-08-16T19:46:19 EDT" duration-ms="2422" status="PASS">
          <reporter-output>
          </reporter-output>
        </test-method> <!-- close -->
        <test-method is-config="true" signature="initsetup()[pri:0, instance:testLayer.RegistrationTestCase@729d991e]" started-at="2022-08-16T19:46:19 EDT" name="initsetup" finished-at="2022-08-16T19:46:22 EDT" duration-ms="2960" status="PASS">
          <reporter-output>
          </reporter-output>
        </test-method> <!-- initsetup -->
        <test-method signature="invalidsigin()[pri:0, instance:testLayer.RegistrationTestCase@729d991e]" started-at="2022-08-16T19:46:22 EDT" name="invalidsigin" finished-at="2022-08-16T19:46:34 EDT" duration-ms="12025" status="PASS">
          <reporter-output>
          </reporter-output>
        </test-method> <!-- invalidsigin -->
        <test-method is-config="true" signature="close()[pri:0, instance:testLayer.RegistrationTestCase@729d991e]" started-at="2022-08-16T19:46:34 EDT" name="close" finished-at="2022-08-16T19:46:37 EDT" duration-ms="2463" status="PASS">
          <reporter-output>
          </reporter-output>
        </test-method> <!-- close -->
        <test-method is-config="true" signature="initsetup()[pri:0, instance:testLayer.RegistrationTestCase@729d991e]" started-at="2022-08-16T19:46:37 EDT" name="initsetup" finished-at="2022-08-16T19:46:38 EDT" duration-ms="1511" status="PASS">
          <reporter-output>
          </reporter-output>
        </test-method> <!-- initsetup -->
        <test-method signature="invalidsinpass()[pri:0, instance:testLayer.RegistrationTestCase@729d991e]" started-at="2022-08-16T19:46:38 EDT" name="invalidsinpass" finished-at="2022-08-16T19:47:08 EDT" duration-ms="30115" status="FAIL">
          <exception class="org.openqa.selenium.NoSuchElementException">
            <message>
              <![CDATA[no such element: Unable to locate element: {"method":"xpath","selector":"//header/div[@id='navbar']/div[@id='nav-flyout-anchor']/div[13]/div[2]/a[1]/span[1]"}
  (Session info: chrome=104.0.5112.81)
For documentation on this error, please visit: https://selenium.dev/exceptions/#no_such_element
Build info: version: '4.3.0', revision: 'a4995e2c09*'
System info: host: 'DESKTOP-S08JHD2', ip: '10.0.0.2', os.name: 'Windows 10', os.arch: 'amd64', os.version: '10.0', java.version: '16.0.2'
Driver info: org.openqa.selenium.chrome.ChromeDriver
Command: [ce6b426a7e0f96d205eb1ead92f46e9e, findElement {using=xpath, value=//header/div[@id='navbar']/div[@id='nav-flyout-anchor']/div[13]/div[2]/a[1]/span[1]}]
Capabilities {acceptInsecureCerts: false, browserName: chrome, browserVersion: 104.0.5112.81, chrome: {chromedriverVersion: 104.0.5112.79 (3cf3e8c8a07d..., userDataDir: C:\Users\Nirmohan\AppData\L...}, goog:chromeOptions: {debuggerAddress: localhost:53811}, networkConnectionEnabled: false, pageLoadStrategy: normal, platformName: WINDOWS, proxy: Proxy(), se:cdp: ws://localhost:53811/devtoo..., se:cdpVersion: 104.0.5112.81, setWindowRect: true, strictFileInteractability: false, timeouts: {implicit: 0, pageLoad: 300000, script: 30000}, unhandledPromptBehavior: dismiss and notify, webauthn:extension:credBlob: true, webauthn:extension:largeBlob: true, webauthn:virtualAuthenticators: true}
Session ID: ce6b426a7e0f96d205eb1ead92f46e9e]]>
            </message>
            <full-stacktrace>
              <![CDATA[org.openqa.selenium.NoSuchElementException: no such element: Unable to locate element: {"method":"xpath","selector":"//header/div[@id='navbar']/div[@id='nav-flyout-anchor']/div[13]/div[2]/a[1]/span[1]"}
  (Session info: chrome=104.0.5112.81)
For documentation on this error, please visit: https://selenium.dev/exceptions/#no_such_element
Build info: version: '4.3.0', revision: 'a4995e2c09*'
System info: host: 'DESKTOP-S08JHD2', ip: '10.0.0.2', os.name: 'Windows 10', os.arch: 'amd64', os.version: '10.0', java.version: '16.0.2'
Driver info: org.openqa.selenium.chrome.ChromeDriver
Command: [ce6b426a7e0f96d205eb1ead92f46e9e, findElement {using=xpath, value=//header/div[@id='navbar']/div[@id='nav-flyout-anchor']/div[13]/div[2]/a[1]/span[1]}]
Capabilities {acceptInsecureCerts: false, browserName: chrome, browserVersion: 104.0.5112.81, chrome: {chromedriverVersion: 104.0.5112.79 (3cf3e8c8a07d..., userDataDir: C:\Users\Nirmohan\AppData\L...}, goog:chromeOptions: {debuggerAddress: localhost:53811}, networkConnectionEnabled: false, pageLoadStrategy: normal, platformName: WINDOWS, proxy: Proxy(), se:cdp: ws://localhost:53811/devtoo..., se:cdpVersion: 104.0.5112.81, setWindowRect: true, strictFileInteractability: false, timeouts: {implicit: 0, pageLoad: 300000, script: 30000}, unhandledPromptBehavior: dismiss and notify, webauthn:extension:credBlob: true, webauthn:extension:largeBlob: true, webauthn:virtualAuthenticators: true}
Session ID: ce6b426a7e0f96d205eb1ead92f46e9e
at java.base/jdk.internal.reflect.NativeConstructorAccessorImpl.newInstance0(Native Method)
at java.base/jdk.internal.reflect.NativeConstructorAccessorImpl.newInstance(NativeConstructorAccessorImpl.java:78)
at java.base/jdk.internal.reflect.DelegatingConstructorAccessorImpl.newInstance(DelegatingConstructorAccessorImpl.java:45)
at java.base/java.lang.reflect.Constructor.newInstanceWithCaller(Constructor.java:499)
at java.base/java.lang.reflect.Constructor.newInstance(Constructor.java:480)
at org.openqa.selenium.remote.codec.w3c.W3CHttpResponseCodec.createException(W3CHttpResponseCodec.java:200)
at org.openqa.selenium.remote.codec.w3c.W3CHttpResponseCodec.decode(W3CHttpResponseCodec.java:133)
at org.openqa.selenium.remote.codec.w3c.W3CHttpResponseCodec.decode(W3CHttpResponseCodec.java:53)
at org.openqa.selenium.remote.HttpCommandExecutor.execute(HttpCommandExecutor.java:184)
at org.openqa.selenium.remote.service.DriverCommandExecutor.invokeExecute(DriverCommandExecutor.java:167)
at org.openqa.selenium.remote.service.DriverCommandExecutor.execute(DriverCommandExecutor.java:142)
at org.openqa.selenium.remote.RemoteWebDriver.execute(RemoteWebDriver.java:569)
at org.openqa.selenium.remote.ElementLocation$ElementFinder$2.findElement(ElementLocation.java:162)
at org.openqa.selenium.remote.ElementLocation.findElement(ElementLocation.java:60)
at org.openqa.selenium.remote.RemoteWebDriver.findElement(RemoteWebDriver.java:387)
at org.openqa.selenium.remote.RemoteWebDriver.findElement(RemoteWebDriver.java:379)
at org.openqa.selenium.support.pagefactory.DefaultElementLocator.findElement(DefaultElementLocator.java:70)
at org.openqa.selenium.support.pagefactory.internal.LocatingElementHandler.invoke(LocatingElementHandler.java:39)
at jdk.proxy2/jdk.proxy2.$Proxy16.click(Unknown Source)
at pompackage.POMregistration.sigin(POMregistration.java:102)
at testLayer.RegistrationTestCase.invalidsinpass(RegistrationTestCase.java:147)
at java.base/jdk.internal.reflect.NativeMethodAccessorImpl.invoke0(Native Method)
at java.base/jdk.internal.reflect.NativeMethodAccessorImpl.invoke(NativeMethodAccessorImpl.java:78)
at java.base/jdk.internal.reflect.DelegatingMethodAccessorImpl.invoke(DelegatingMethodAccessorImpl.java:43)
at java.base/java.lang.reflect.Method.invoke(Method.java:567)
at org.testng.internal.MethodInvocationHelper.invokeMethod(MethodInvocationHelper.java:133)
at org.testng.internal.TestInvoker.invokeMethod(TestInvoker.java:598)
at org.testng.internal.TestInvoker.invokeTestMethod(TestInvoker.java:173)
at org.testng.internal.MethodRunner.runInSequence(MethodRunner.java:46)
at org.testng.internal.TestInvoker$MethodInvocationAgent.invoke(TestInvoker.java:824)
at org.testng.internal.TestInvoker.invokeTestMethods(TestInvoker.java:146)
at org.testng.internal.TestMethodWorker.invokeTestMethods(TestMethodWorker.java:146)
at org.testng.internal.TestMethodWorker.run(TestMethodWorker.java:128)
at java.base/java.util.ArrayList.forEach(ArrayList.java:1511)
at org.testng.TestRunner.privateRun(TestRunner.java:794)
at org.testng.TestRunner.run(TestRunner.java:596)
at org.testng.SuiteRunner.runTest(SuiteRunner.java:377)
at org.testng.SuiteRunner.access$000(SuiteRunner.java:28)
at org.testng.SuiteRunner$SuiteWorker.run(SuiteRunner.java:418)
at org.testng.internal.thread.ThreadUtil.lambda$execute$0(ThreadUtil.java:64)
at java.base/java.util.concurrent.FutureTask.run(FutureTask.java:264)
at java.base/java.util.concurrent.ThreadPoolExecutor.runWorker(ThreadPoolExecutor.java:1130)
at java.base/java.util.concurrent.ThreadPoolExecutor$Worker.run(ThreadPoolExecutor.java:630)
at java.base/java.lang.Thread.run(Thread.java:831)
]]>
            </full-stacktrace>
          </exception> <!-- org.openqa.selenium.NoSuchElementException -->
          <reporter-output>
          </reporter-output>
        </test-method> <!-- invalidsinpass -->
        <test-method is-config="true" signature="close()[pri:0, instance:testLayer.RegistrationTestCase@729d991e]" started-at="2022-08-16T19:47:08 EDT" name="close" finished-at="2022-08-16T19:47:10 EDT" duration-ms="1885" status="PASS">
          <reporter-output>
          </reporter-output>
        </test-method> <!-- close -->
        <test-method is-config="true" signature="initsetup()[pri:0, instance:testLayer.RegistrationTestCase@729d991e]" started-at="2022-08-16T19:47:10 EDT" name="initsetup" finished-at="2022-08-16T19:47:14 EDT" duration-ms="3459" status="PASS">
          <reporter-output>
          </reporter-output>
        </test-method> <!-- initsetup -->
        <test-method signature="notshipped()[pri:0, instance:testLayer.RegistrationTestCase@729d991e]" started-at="2022-08-16T19:47:14 EDT" name="notshipped" finished-at="2022-08-16T19:47:32 EDT" duration-ms="18255" status="PASS">
          <reporter-output>
          </reporter-output>
        </test-method> <!-- notshipped -->
        <test-method is-config="true" signature="close()[pri:0, instance:testLayer.RegistrationTestCase@729d991e]" started-at="2022-08-16T19:47:32 EDT" name="close" finished-at="2022-08-16T19:47:34 EDT" duration-ms="2433" status="PASS">
          <reporter-output>
          </reporter-output>
        </test-method> <!-- close -->
        <test-method is-config="true" signature="initsetup()[pri:0, instance:testLayer.RegistrationTestCase@729d991e]" started-at="2022-08-16T19:47:34 EDT" name="initsetup" finished-at="2022-08-16T19:47:37 EDT" duration-ms="3115" status="PASS">
          <reporter-output>
          </reporter-output>
        </test-method> <!-- initsetup -->
        <test-method signature="security()[pri:0, instance:testLayer.RegistrationTestCase@729d991e]" started-at="2022-08-16T19:47:37 EDT" name="security" finished-at="2022-08-16T19:47:54 EDT" duration-ms="16465" status="PASS">
          <reporter-output>
          </reporter-output>
        </test-method> <!-- security -->
        <test-method is-config="true" signature="close()[pri:0, instance:testLayer.RegistrationTestCase@729d991e]" started-at="2022-08-16T19:47:54 EDT" name="close" finished-at="2022-08-16T19:47:56 EDT" duration-ms="2413" status="PASS">
          <reporter-output>
          </reporter-output>
        </test-method> <!-- close -->
        <test-method is-config="true" signature="initsetup()[pri:0, instance:testLayer.RegistrationTestCase@729d991e]" started-at="2022-08-16T19:47:56 EDT" name="initsetup" finished-at="2022-08-16T19:47:59 EDT" duration-ms="2912" status="PASS">
          <reporter-output>
          </reporter-output>
        </test-method> <!-- initsetup -->
        <test-method signature="validemail()[pri:0, instance:testLayer.RegistrationTestCase@729d991e]" started-at="2022-08-16T19:47:59 EDT" name="validemail" finished-at="2022-08-16T19:48:10 EDT" duration-ms="11306" status="PASS">
          <reporter-output>
          </reporter-output>
        </test-method> <!-- validemail -->
        <test-method is-config="true" signature="close()[pri:0, instance:testLayer.RegistrationTestCase@729d991e]" started-at="2022-08-16T19:48:10 EDT" name="close" finished-at="2022-08-16T19:48:13 EDT" duration-ms="2409" status="PASS">
          <reporter-output>
          </reporter-output>
        </test-method> <!-- close -->
        <test-method is-config="true" signature="initsetup()[pri:0, instance:testLayer.RegistrationTestCase@729d991e]" started-at="2022-08-16T19:48:13 EDT" name="initsetup" finished-at="2022-08-16T19:48:16 EDT" duration-ms="2765" status="PASS">
          <reporter-output>
          </reporter-output>
        </test-method> <!-- initsetup -->
        <test-method signature="validnumber()[pri:0, instance:testLayer.RegistrationTestCase@729d991e]" started-at="2022-08-16T19:48:16 EDT" name="validnumber" finished-at="2022-08-16T19:48:27 EDT" duration-ms="11081" status="PASS">
          <reporter-output>
          </reporter-output>
        </test-method> <!-- validnumber -->
        <test-method is-config="true" signature="close()[pri:0, instance:testLayer.RegistrationTestCase@729d991e]" started-at="2022-08-16T19:48:27 EDT" name="close" finished-at="2022-08-16T19:48:29 EDT" duration-ms="2391" status="PASS">
          <reporter-output>
          </reporter-output>
        </test-method> <!-- close -->
        <test-method is-config="true" signature="initsetup()[pri:0, instance:testLayer.RegistrationTestCase@729d991e]" started-at="2022-08-16T19:48:29 EDT" name="initsetup" finished-at="2022-08-16T19:48:32 EDT" duration-ms="2917" status="PASS">
          <reporter-output>
          </reporter-output>
        </test-method> <!-- initsetup -->
        <test-method signature="validpassword()[pri:0, instance:testLayer.RegistrationTestCase@729d991e]" started-at="2022-08-16T19:48:32 EDT" name="validpassword" finished-at="2022-08-16T19:48:44 EDT" duration-ms="11684" status="PASS">
          <reporter-output>
          </reporter-output>
        </test-method> <!-- validpassword -->
        <test-method is-config="true" signature="close()[pri:0, instance:testLayer.RegistrationTestCase@729d991e]" started-at="2022-08-16T19:48:44 EDT" name="close" finished-at="2022-08-16T19:48:46 EDT" duration-ms="2429" status="PASS">
          <reporter-output>
          </reporter-output>
        </test-method> <!-- close -->
      </class> <!-- testLayer.RegistrationTestCase -->
    </test> <!-- TestNG -->
  </suite> <!-- AmazonProject -->
</testng-results>
